2025-04-20 00:28:52.647 [restartedMain] "  " ERROR org.springframework.boot.SpringApplication - Application run failed
org.springframework.cglib.core.CodeGenerationException: java.lang.LinkageError-->loader 'app' attempted duplicate class definition for com.baomidou.mybatisplus.extension.service.IService$$FastClassBySpringCGLIB$$f8525d18. (com.baomidou.mybatisplus.extension.service.IService$$FastClassBySpringCGLIB$$f8525d18 is in unnamed module of loader 'app')
	at org.springframework.cglib.core.ReflectUtils.defineClass(ReflectUtils.java:558)
	at org.springframework.cglib.core.AbstractClassGenerator.generate(AbstractClassGenerator.java:363)
	at org.springframework.cglib.core.AbstractClassGenerator$ClassLoaderData$3.apply(AbstractClassGenerator.java:110)
	at org.springframework.cglib.core.AbstractClassGenerator$ClassLoaderData$3.apply(AbstractClassGenerator.java:108)
	at org.springframework.cglib.core.internal.LoadingCache$2.call(LoadingCache.java:54)
	at java.base/java.util.concurrent.FutureTask.run(FutureTask.java:317)
	at org.springframework.cglib.core.internal.LoadingCache.createEntry(LoadingCache.java:61)
	at org.springframework.cglib.core.internal.LoadingCache.get(LoadingCache.java:34)
	at org.springframework.cglib.core.AbstractClassGenerator$ClassLoaderData.get(AbstractClassGenerator.java:134)
	at org.springframework.cglib.core.AbstractClassGenerator.create(AbstractClassGenerator.java:319)
	at org.springframework.cglib.reflect.FastClass$Generator.create(FastClass.java:65)
	at org.springframework.cglib.proxy.MethodProxy.helper(MethodProxy.java:135)
	at org.springframework.cglib.proxy.MethodProxy.init(MethodProxy.java:76)
	at org.springframework.cglib.proxy.MethodProxy.invoke(MethodProxy.java:216)
	at org.springframework.aop.framework.CglibAopProxy$DynamicAdvisedInterceptor.intercept(CglibAopProxy.java:687)
	at com.recruit.service.impl.PermissionServiceImpl$$EnhancerBySpringCGLIB$$ca3a3fa1.getOne(<generated>)
	at com.recruit.common.listener.PermissionHandleListener.createPermissionIfNotExist(PermissionHandleListener.java:58)
	at com.recruit.common.listener.PermissionHandleListener.lambda$addNewPermissions$0(PermissionHandleListener.java:35)
	at java.base/java.util.concurrent.ConcurrentHashMap$ValuesView.forEach(ConcurrentHashMap.java:4783)
	at com.recruit.common.listener.PermissionHandleListener.addNewPermissions(PermissionHandleListener.java:32)
	at com.recruit.common.listener.PermissionHandleListener.onApplicationEvent(PermissionHandleListener.java:27)
	at com.recruit.common.listener.PermissionHandleListener.onApplicationEvent(PermissionHandleListener.java:16)
	at org.springframework.context.event.SimpleApplicationEventMulticaster.doInvokeListener(SimpleApplicationEventMulticaster.java:172)
	at org.springframework.context.event.SimpleApplicationEventMulticaster.invokeListener(SimpleApplicationEventMulticaster.java:165)
	at org.springframework.context.event.SimpleApplicationEventMulticaster.multicastEvent(SimpleApplicationEventMulticaster.java:139)
	at org.springframework.context.support.AbstractApplicationContext.publishEvent(AbstractApplicationContext.java:404)
	at org.springframework.context.support.AbstractApplicationContext.publishEvent(AbstractApplicationContext.java:361)
	at org.springframework.context.support.AbstractApplicationContext.finishRefresh(AbstractApplicationContext.java:898)
	at org.springframework.context.support.AbstractApplicationContext.refresh(AbstractApplicationContext.java:554)
	at org.springframework.boot.web.servlet.context.ServletWebServerApplicationContext.refresh(ServletWebServerApplicationContext.java:143)
	at org.springframework.boot.SpringApplication.refresh(SpringApplication.java:758)
	at org.springframework.boot.SpringApplication.refresh(SpringApplication.java:750)
	at org.springframework.boot.SpringApplication.refreshContext(SpringApplication.java:397)
	at org.springframework.boot.SpringApplication.run(SpringApplication.java:315)
	at org.springframework.boot.SpringApplication.run(SpringApplication.java:1237)
	at org.springframework.boot.SpringApplication.run(SpringApplication.java:1226)
	at com.recruit.RecruitApplication.main(RecruitApplication.java:24)
	at java.base/jdk.internal.reflect.DirectMethodHandleAccessor.invoke(DirectMethodHandleAccessor.java:104)
	at java.base/java.lang.reflect.Method.invoke(Method.java:578)
	at org.springframework.boot.devtools.restart.RestartLauncher.run(RestartLauncher.java:49)
Caused by: java.lang.LinkageError: loader 'app' attempted duplicate class definition for com.baomidou.mybatisplus.extension.service.IService$$FastClassBySpringCGLIB$$f8525d18. (com.baomidou.mybatisplus.extension.service.IService$$FastClassBySpringCGLIB$$f8525d18 is in unnamed module of loader 'app')
	at java.base/java.lang.ClassLoader.defineClass0(Native Method)
	at java.base/java.lang.System$2.defineClass(System.java:2371)
	at java.base/java.lang.invoke.MethodHandles$Lookup$ClassDefiner.defineClass(MethodHandles.java:2449)
	at java.base/java.lang.invoke.MethodHandles$Lookup$ClassDefiner.defineClass(MethodHandles.java:2426)
	at java.base/java.lang.invoke.MethodHandles$Lookup.defineClass(MethodHandles.java:1851)
	at java.base/jdk.internal.reflect.DirectMethodHandleAccessor.invoke(DirectMethodHandleAccessor.java:104)
	at java.base/java.lang.reflect.Method.invoke(Method.java:578)
	at org.springframework.cglib.core.ReflectUtils.defineClass(ReflectUtils.java:555)
	... 39 common frames omitted
